<?xml version="1.0" encoding="UTF-8"?>
<!-- Generated by org.testng.reporters.JUnitXMLReporter -->
<testsuite ignored="0" hostname="Debasish" failures="1" tests="9" name="Test" time="132.837" errors="0" timestamp="2023-09-02T13:49:42 IST">
  <testcase classname="testCases.TC_001_AccountRegistrationTest" name="test_account_Registration" time="32.799">
    <failure type="java.lang.AssertionError" message="null">
      <![CDATA[java.lang.AssertionError: null
at testCases.TC_001_AccountRegistrationTest.test_account_Registration(TC_001_AccountRegistrationTest.java:57)
at java.base/java.util.ArrayList.forEach(ArrayList.java:1511)
... Removed 29 stack frames]]>
    </failure>
  </testcase> <!-- test_account_Registration -->
  <testcase classname="testCases.TC_002_LoginDataDriven" name="test_LoginDDT" time="0.907"/>
  <testcase classname="testCases.TC_002_LoginDataDriven" name="test_LoginDDT" time="20.49"/>
  <testcase classname="testCases.TC_002_LoginDataDriven" name="test_LoginDDT" time="20.456"/>
  <testcase classname="testCases.TC_002_LoginDataDriven" name="test_LoginDDT" time="20.506"/>
  <testcase classname="testCases.TC_002_LoginDataDriven" name="test_LoginDDT" time="0.722"/>
  <testcase classname="testCases.TC_002_LogInTest" name="LoginTest" time="6.041"/>
  <testcase classname="testCases.TC_LG_002LogOutTest" name="LogOutTest" time="6.087"/>
  <testcase classname="testCases.TC_MonitorDetails" name="accessMonitorDetails" time="11.318"/>
</testsuite> <!-- Test -->
